<?xml version="1.0" encoding="UTF-8"?>
<!-- Generated by org.testng.reporters.JUnitXMLReporter -->
<testsuite ignored="2" hostname="suraj-pavilion" failures="0" tests="1" name="Default test" time="24.384" errors="0" timestamp="2025-03-22T07:32:37 IST">
  <testcase classname="com.comcast.crm.productsTest.CreateProductsTest" name="createProductsWithVendorAndContactAndPurchaseOrderTest" time="18.352"/>
  <testcase classname="com.comcast.crm.productsTest.CreateProductsTest" name="createProductsTest" time="0.0">
    <ignored/>
  </testcase> <!-- createProductsTest -->
  <testcase classname="com.comcast.crm.productsTest.CreateProductsTest" name="createProductsWithVendorTest" time="0.0">
    <ignored/>
  </testcase> <!-- createProductsWithVendorTest -->
</testsuite> <!-- Default test -->
