<?xml version="1.0" encoding="UTF-8"?>
<!-- Generated by org.testng.reporters.JUnitXMLReporter -->
<testsuite ignored="0" hostname="suraj-pavilion" failures="0" tests="3" name="Default test" time="31.598" errors="0" timestamp="2025-03-24T10:42:47 IST">
  <testcase classname="com.comcast.crm.campaignTest.CampaignModuleTest" name="createCampaignTest" time="4.273"/>
  <testcase classname="com.comcast.crm.campaignTest.CampaignModuleTest" name="createCampaignWithProductTest" time="7.606"/>
  <testcase classname="com.comcast.crm.campaignTest.CampaignModuleTest" name="createProductWithCampaignAndEventTest" time="10.967"/>
</testsuite> <!-- Default test -->
