<?xml version="1.0" encoding="UTF-8"?>
<!-- Generated by org.testng.reporters.JUnitXMLReporter -->
<testsuite ignored="11" hostname="suraj-pavilion" failures="0" tests="4" name="Test" time="75.006" errors="0" timestamp="2025-03-04T12:42:18 IST">
  <testcase classname="com.comcast.crm.contactTest.CreateContactTest" name="createContactTest" time="10.396"/>
  <testcase classname="com.comcast.crm.contactTest.CreateContactTest" name="createContactWithOrgTest" time="19.439"/>
  <testcase classname="com.comcast.crm.campaignTest.CreateCampaignTest" name="createCampaignTest" time="8.591"/>
  <testcase classname="com.comcast.crm.products.CreateProductsTest" name="createProductsTest" time="9.159"/>
  <testcase classname="com.comcast.crm.generic.basetest.BaseClass" name="@BeforeSuite configBS" time="0.0">
    <ignored/>
  </testcase> <!-- @BeforeSuite configBS -->
  <testcase classname="com.comcast.crm.generic.basetest.BaseClass" name="@AfterSuite ConfigAs" time="0.0">
    <ignored/>
  </testcase> <!-- @AfterSuite ConfigAs -->
  <testcase classname="com.comcast.crm.generic.basetest.BaseClass" name="@BeforeSuite configBS" time="0.0">
    <ignored/>
  </testcase> <!-- @BeforeSuite configBS -->
  <testcase classname="com.comcast.crm.generic.basetest.BaseClass" name="@AfterSuite ConfigAs" time="0.0">
    <ignored/>
  </testcase> <!-- @AfterSuite ConfigAs -->
  <testcase classname="com.comcast.crm.orgTest.CreateOrganizationTest" name="createOrganizationWithPhoneNoTest" time="0.0">
    <ignored/>
  </testcase> <!-- createOrganizationWithPhoneNoTest -->
  <testcase classname="com.comcast.crm.contactTest.CreateContactTest" name="createContactTestSupportDate" time="0.0">
    <ignored/>
  </testcase> <!-- createContactTestSupportDate -->
  <testcase classname="com.comcast.crm.generic.basetest.BaseClass" name="@AfterSuite ConfigAs" time="0.0">
    <ignored/>
  </testcase> <!-- @AfterSuite ConfigAs -->
  <testcase classname="com.comcast.crm.generic.basetest.BaseClass" name="@BeforeSuite configBS" time="0.0">
    <ignored/>
  </testcase> <!-- @BeforeSuite configBS -->
  <testcase classname="com.comcast.crm.orgTest.CreateOrganizationTest" name="createOrganizationTest" time="0.0">
    <ignored/>
  </testcase> <!-- createOrganizationTest -->
  <testcase classname="com.comcast.crm.orgTest.CreateOrganizationTest" name="createOrganizationWithIndustryTest" time="0.0">
    <ignored/>
  </testcase> <!-- createOrganizationWithIndustryTest -->
  <testcase classname="com.comcast.crm.campaignTest.CreateCampaignTest" name="createCampaignWithProductTest" time="0.0">
    <ignored/>
  </testcase> <!-- createCampaignWithProductTest -->
</testsuite> <!-- Test -->
