<?xml version="1.0" encoding="UTF-8"?>
<testng-results ignored="0" total="3" passed="3" failed="0" skipped="0">
  <reporter-output>
    <line>
      <![CDATA[=====Connect to DB and Report Config=====]]>
    </line>
    <line>
      <![CDATA[=====Launch Browse=====]]>
    </line>
    <line>
      <![CDATA[=====Login to Appl=====]]>
    </line>
    <line>
      <![CDATA[=====Logout to Appl=====]]>
    </line>
    <line>
      <![CDATA[=====Login to Appl=====]]>
    </line>
    <line>
      <![CDATA[=====Logout to Appl=====]]>
    </line>
    <line>
      <![CDATA[=====Login to Appl=====]]>
    </line>
    <line>
      <![CDATA[=====Logout to Appl=====]]>
    </line>
    <line>
      <![CDATA[=====Close Browser=====]]>
    </line>
    <line>
      <![CDATA[=====Close DB, Report BackUp=====]]>
    </line>
  </reporter-output>
  <suite started-at="2025-03-24T10:42:15 IST" name="Default suite" finished-at="2025-03-24T10:42:47 IST" duration-ms="31598">
    <groups>
      <group name="regressionTest">
        <method signature="CampaignModuleTest.createCampaignWithProductTest()[pri:0, instance:com.comcast.crm.campaignTest.CampaignModuleTest@8297b3a]" name="createCampaignWithProductTest" class="com.comcast.crm.campaignTest.CampaignModuleTest"/>
        <method signature="CampaignModuleTest.createProductWithCampaignAndEventTest()[pri:0, instance:com.comcast.crm.campaignTest.CampaignModuleTest@8297b3a]" name="createProductWithCampaignAndEventTest" class="com.comcast.crm.campaignTest.CampaignModuleTest"/>
      </group> <!-- regressionTest -->
      <group name="smokeTest">
        <method signature="CampaignModuleTest.createCampaignTest()[pri:0, instance:com.comcast.crm.campaignTest.CampaignModuleTest@8297b3a]" name="createCampaignTest" class="com.comcast.crm.campaignTest.CampaignModuleTest"/>
        <method signature="CampaignModuleTest.createProductWithCampaignAndEventTest()[pri:0, instance:com.comcast.crm.campaignTest.CampaignModuleTest@8297b3a]" name="createProductWithCampaignAndEventTest" class="com.comcast.crm.campaignTest.CampaignModuleTest"/>
      </group> <!-- smokeTest -->
    </groups>
    <test started-at="2025-03-24T10:42:15 IST" name="Default test" finished-at="2025-03-24T10:42:47 IST" duration-ms="31598">
      <class name="com.comcast.crm.campaignTest.CampaignModuleTest">
        <test-method is-config="true" signature="configBS()[pri:0, instance:com.comcast.crm.campaignTest.CampaignModuleTest@8297b3a]" started-at="2025-03-24T10:42:15 IST" name="configBS" finished-at="2025-03-24T10:42:15 IST" duration-ms="340" status="PASS">
          <reporter-output>
            <line>
              <![CDATA[=====Connect to DB and Report Config=====]]>
            </line>
          </reporter-output>
        </test-method> <!-- configBS -->
        <test-method is-config="true" signature="configBC()[pri:0, instance:com.comcast.crm.campaignTest.CampaignModuleTest@8297b3a]" started-at="2025-03-24T10:42:15 IST" name="configBC" finished-at="2025-03-24T10:42:17 IST" duration-ms="1908" status="PASS">
          <reporter-output>
            <line>
              <![CDATA[=====Launch Browse=====]]>
            </line>
          </reporter-output>
        </test-method> <!-- configBC -->
        <test-method is-config="true" signature="configBM()[pri:0, instance:com.comcast.crm.campaignTest.CampaignModuleTest@8297b3a]" started-at="2025-03-24T10:42:17 IST" name="configBM" finished-at="2025-03-24T10:42:19 IST" duration-ms="1859" status="PASS">
          <reporter-output>
            <line>
              <![CDATA[=====Login to Appl=====]]>
            </line>
          </reporter-output>
        </test-method> <!-- configBM -->
        <test-method signature="createCampaignTest()[pri:0, instance:com.comcast.crm.campaignTest.CampaignModuleTest@8297b3a]" started-at="2025-03-24T10:42:19 IST" name="createCampaignTest" finished-at="2025-03-24T10:42:23 IST" duration-ms="4273" status="PASS">
          <reporter-output>
          </reporter-output>
        </test-method> <!-- createCampaignTest -->
        <test-method is-config="true" signature="ConfigAM()[pri:0, instance:com.comcast.crm.campaignTest.CampaignModuleTest@8297b3a]" started-at="2025-03-24T10:42:23 IST" name="ConfigAM" finished-at="2025-03-24T10:42:24 IST" duration-ms="627" status="PASS">
          <reporter-output>
            <line>
              <![CDATA[=====Logout to Appl=====]]>
            </line>
          </reporter-output>
        </test-method> <!-- ConfigAM -->
        <test-method is-config="true" signature="configBM()[pri:0, instance:com.comcast.crm.campaignTest.CampaignModuleTest@8297b3a]" started-at="2025-03-24T10:42:24 IST" name="configBM" finished-at="2025-03-24T10:42:25 IST" duration-ms="1216" status="PASS">
          <reporter-output>
            <line>
              <![CDATA[=====Login to Appl=====]]>
            </line>
          </reporter-output>
        </test-method> <!-- configBM -->
        <test-method signature="createCampaignWithProductTest()[pri:0, instance:com.comcast.crm.campaignTest.CampaignModuleTest@8297b3a]" started-at="2025-03-24T10:42:25 IST" name="createCampaignWithProductTest" finished-at="2025-03-24T10:42:33 IST" duration-ms="7606" status="PASS">
          <reporter-output>
          </reporter-output>
        </test-method> <!-- createCampaignWithProductTest -->
        <test-method is-config="true" signature="ConfigAM()[pri:0, instance:com.comcast.crm.campaignTest.CampaignModuleTest@8297b3a]" started-at="2025-03-24T10:42:33 IST" name="ConfigAM" finished-at="2025-03-24T10:42:34 IST" duration-ms="634" status="PASS">
          <reporter-output>
            <line>
              <![CDATA[=====Logout to Appl=====]]>
            </line>
          </reporter-output>
        </test-method> <!-- ConfigAM -->
        <test-method is-config="true" signature="configBM()[pri:0, instance:com.comcast.crm.campaignTest.CampaignModuleTest@8297b3a]" started-at="2025-03-24T10:42:34 IST" name="configBM" finished-at="2025-03-24T10:42:35 IST" duration-ms="1366" status="PASS">
          <reporter-output>
            <line>
              <![CDATA[=====Login to Appl=====]]>
            </line>
          </reporter-output>
        </test-method> <!-- configBM -->
        <test-method signature="createProductWithCampaignAndEventTest()[pri:0, instance:com.comcast.crm.campaignTest.CampaignModuleTest@8297b3a]" started-at="2025-03-24T10:42:35 IST" name="createProductWithCampaignAndEventTest" finished-at="2025-03-24T10:42:46 IST" duration-ms="10967" status="PASS">
          <reporter-output>
          </reporter-output>
        </test-method> <!-- createProductWithCampaignAndEventTest -->
        <test-method is-config="true" signature="ConfigAM()[pri:0, instance:com.comcast.crm.campaignTest.CampaignModuleTest@8297b3a]" started-at="2025-03-24T10:42:46 IST" name="ConfigAM" finished-at="2025-03-24T10:42:47 IST" duration-ms="720" status="PASS">
          <reporter-output>
            <line>
              <![CDATA[=====Logout to Appl=====]]>
            </line>
          </reporter-output>
        </test-method> <!-- ConfigAM -->
        <test-method is-config="true" signature="ConfigAC()[pri:0, instance:com.comcast.crm.campaignTest.CampaignModuleTest@8297b3a]" started-at="2025-03-24T10:42:47 IST" name="ConfigAC" finished-at="2025-03-24T10:42:47 IST" duration-ms="353" status="PASS">
          <reporter-output>
            <line>
              <![CDATA[=====Close Browser=====]]>
            </line>
          </reporter-output>
        </test-method> <!-- ConfigAC -->
        <test-method is-config="true" signature="ConfigAs()[pri:0, instance:com.comcast.crm.campaignTest.CampaignModuleTest@8297b3a]" started-at="2025-03-24T10:42:47 IST" name="ConfigAs" finished-at="2025-03-24T10:42:47 IST" duration-ms="10" status="PASS">
          <reporter-output>
            <line>
              <![CDATA[=====Close DB, Report BackUp=====]]>
            </line>
          </reporter-output>
        </test-method> <!-- ConfigAs -->
      </class> <!-- com.comcast.crm.campaignTest.CampaignModuleTest -->
    </test> <!-- Default test -->
  </suite> <!-- Default suite -->
</testng-results>
