<?xml version="1.0" encoding="UTF-8"?>
<testng-results ignored="0" total="3" passed="3" failed="0" skipped="0">
  <reporter-output>
    <line>
      <![CDATA[=====Connect to DB and Report Config=====]]>
    </line>
    <line>
      <![CDATA[=====Launch Browse=====]]>
    </line>
    <line>
      <![CDATA[=====Launch Browse=====]]>
    </line>
    <line>
      <![CDATA[=====Login to Appl=====]]>
    </line>
    <line>
      <![CDATA[=====Login to Appl=====]]>
    </line>
    <line>
      <![CDATA[=====Logout to Appl=====]]>
    </line>
    <line>
      <![CDATA[=====Login to Appl=====]]>
    </line>
    <line>
      <![CDATA[=====Logout to Appl=====]]>
    </line>
    <line>
      <![CDATA[=====Login to Appl=====]]>
    </line>
    <line>
      <![CDATA[=====Logout to Appl=====]]>
    </line>
    <line>
      <![CDATA[=====Close Browser=====]]>
    </line>
    <line>
      <![CDATA[=====Close DB, Report BackUp=====]]>
    </line>
  </reporter-output>
  <suite started-at="2025-03-04T13:09:42 IST" name="Suite" finished-at="2025-03-04T13:10:39 IST" duration-ms="56764">
    <groups>
      <group name="regressionTest">
        <method signature="CreateContactTest.createContactTestSupportDate()[pri:0, instance:com.comcast.crm.contactTest.CreateContactTest@17f7cd29]" name="createContactTestSupportDate" class="com.comcast.crm.contactTest.CreateContactTest"/>
        <method signature="CreateContactTest.createContactWithOrgTest()[pri:0, instance:com.comcast.crm.contactTest.CreateContactTest@17f7cd29]" name="createContactWithOrgTest" class="com.comcast.crm.contactTest.CreateContactTest"/>
      </group> <!-- regressionTest -->
      <group name="smokeTest">
        <method signature="CreateContactTest.createContactTest()[pri:0, instance:com.comcast.crm.contactTest.CreateContactTest@17f7cd29]" name="createContactTest" class="com.comcast.crm.contactTest.CreateContactTest"/>
        <method signature="CreateContactTest.createContactWithOrgTest()[pri:0, instance:com.comcast.crm.contactTest.CreateContactTest@17f7cd29]" name="createContactWithOrgTest" class="com.comcast.crm.contactTest.CreateContactTest"/>
      </group> <!-- smokeTest -->
    </groups>
    <test started-at="2025-03-04T13:09:42 IST" name="Test-1" finished-at="2025-03-04T13:10:39 IST" duration-ms="56764">
      <class name="com.comcast.crm.orgTest.CreateOrganizationTest">
        <test-method is-config="true" signature="configBC()[pri:0, instance:com.comcast.crm.orgTest.CreateOrganizationTest@5aa9e4eb]" started-at="2025-03-04T13:09:42 IST" name="configBC" finished-at="2025-03-04T13:09:45 IST" duration-ms="2620" status="PASS">
          <reporter-output>
            <line>
              <![CDATA[=====Launch Browse=====]]>
            </line>
          </reporter-output>
        </test-method> <!-- configBC -->
        <test-method is-config="true" signature="configBM()[pri:0, instance:com.comcast.crm.orgTest.CreateOrganizationTest@5aa9e4eb]" started-at="2025-03-04T13:09:45 IST" name="configBM" finished-at="2025-03-04T13:09:50 IST" duration-ms="5249" status="PASS">
          <reporter-output>
            <line>
              <![CDATA[=====Login to Appl=====]]>
            </line>
          </reporter-output>
        </test-method> <!-- configBM -->
        <test-method signature="createOrganizationTest()[pri:0, instance:com.comcast.crm.orgTest.CreateOrganizationTest@5aa9e4eb]" started-at="2025-03-04T13:09:50 IST" name="createOrganizationTest" finished-at="2025-03-04T13:10:03 IST" duration-ms="12869" status="PASS">
          <reporter-output>
          </reporter-output>
        </test-method> <!-- createOrganizationTest -->
        <test-method is-config="true" signature="ConfigAM()[pri:0, instance:com.comcast.crm.orgTest.CreateOrganizationTest@5aa9e4eb]" started-at="2025-03-04T13:10:03 IST" name="ConfigAM" finished-at="2025-03-04T13:10:05 IST" duration-ms="1396" status="PASS">
          <reporter-output>
            <line>
              <![CDATA[=====Logout to Appl=====]]>
            </line>
          </reporter-output>
        </test-method> <!-- ConfigAM -->
        <test-method is-config="true" signature="configBM()[pri:0, instance:com.comcast.crm.orgTest.CreateOrganizationTest@5aa9e4eb]" started-at="2025-03-04T13:10:05 IST" name="configBM" finished-at="2025-03-04T13:10:08 IST" duration-ms="3311" status="PASS">
          <reporter-output>
            <line>
              <![CDATA[=====Login to Appl=====]]>
            </line>
          </reporter-output>
        </test-method> <!-- configBM -->
        <test-method signature="createOrganizationWithIndustryTest()[pri:0, instance:com.comcast.crm.orgTest.CreateOrganizationTest@5aa9e4eb]" started-at="2025-03-04T13:10:08 IST" name="createOrganizationWithIndustryTest" finished-at="2025-03-04T13:10:19 IST" duration-ms="11453" status="PASS">
          <reporter-output>
          </reporter-output>
        </test-method> <!-- createOrganizationWithIndustryTest -->
        <test-method is-config="true" signature="ConfigAM()[pri:0, instance:com.comcast.crm.orgTest.CreateOrganizationTest@5aa9e4eb]" started-at="2025-03-04T13:10:19 IST" name="ConfigAM" finished-at="2025-03-04T13:10:21 IST" duration-ms="1389" status="PASS">
          <reporter-output>
            <line>
              <![CDATA[=====Logout to Appl=====]]>
            </line>
          </reporter-output>
        </test-method> <!-- ConfigAM -->
        <test-method is-config="true" signature="configBM()[pri:0, instance:com.comcast.crm.orgTest.CreateOrganizationTest@5aa9e4eb]" started-at="2025-03-04T13:10:21 IST" name="configBM" finished-at="2025-03-04T13:10:24 IST" duration-ms="3006" status="PASS">
          <reporter-output>
            <line>
              <![CDATA[=====Login to Appl=====]]>
            </line>
          </reporter-output>
        </test-method> <!-- configBM -->
        <test-method signature="createOrganizationWithPhoneNoTest()[pri:0, instance:com.comcast.crm.orgTest.CreateOrganizationTest@5aa9e4eb]" started-at="2025-03-04T13:10:24 IST" name="createOrganizationWithPhoneNoTest" finished-at="2025-03-04T13:10:37 IST" duration-ms="13143" status="PASS">
          <reporter-output>
          </reporter-output>
        </test-method> <!-- createOrganizationWithPhoneNoTest -->
        <test-method is-config="true" signature="ConfigAM()[pri:0, instance:com.comcast.crm.orgTest.CreateOrganizationTest@5aa9e4eb]" started-at="2025-03-04T13:10:37 IST" name="ConfigAM" finished-at="2025-03-04T13:10:39 IST" duration-ms="1803" status="PASS">
          <reporter-output>
            <line>
              <![CDATA[=====Logout to Appl=====]]>
            </line>
          </reporter-output>
        </test-method> <!-- ConfigAM -->
        <test-method is-config="true" signature="ConfigAC()[pri:0, instance:com.comcast.crm.orgTest.CreateOrganizationTest@5aa9e4eb]" started-at="2025-03-04T13:10:39 IST" name="ConfigAC" finished-at="2025-03-04T13:10:39 IST" duration-ms="428" status="PASS">
          <reporter-output>
            <line>
              <![CDATA[=====Close Browser=====]]>
            </line>
          </reporter-output>
        </test-method> <!-- ConfigAC -->
      </class> <!-- com.comcast.crm.orgTest.CreateOrganizationTest -->
    </test> <!-- Test-1 -->
  </suite> <!-- Suite -->
</testng-results>
